Log Time: 2018-11-28T22:59:55.516
Signatures Size  = 1
------------------------
Log Time: 2018-11-28T22:59:55.516
Display Signs
------------------------
Log Time: 2018-11-28T22:59:55.517
Sign Data = 06BF48E045260C38FAED0D7FCC6AE951149CEEFF16C7035E968454BBC1357893DCF5297E2178484957DB909164486286B31D56CE97028056867E3A5B94FA0E709636BA499C716000BA61392BC531089E8790D237BAA2055AEC1D3ABE80FE2D136DA1769F4900B9338264C20E26943D8431D1605FB7F27CBD71EF1BF98CBA5BB7E8900E1904F5F00904D804F4F5D66C578CDECA2677BCC59719B4A71C499B2F149E9DF99611DF45393AE2361A0BDEAF42EE9DFC3E999224C6E4AF033FD9F62BC9E4AFE3D877465F13E74ED520F5B7FCF1274D03F6A058690A0F9FC0F2D640007AE406436E69B7F9CC6D7E3D112DCE3374A710DD74B0E81FD3073ABA10E70FDCD7B556D1DC44
------------------------
Log Time: 2018-11-28T22:59:55.517
Sign Enterprise = Qatar University
------------------------
Log Time: 2018-11-28T22:59:55.517
Sign Timestamp = 2018-11-28T22:58:05
------------------------
Log Time: 2018-11-28T23:12:42.827
Document Hash = D8B75811D64528FC993C45F430B93A26682CFEAED56E68834909B59A7CD272F1
------------------------
Log Time: 2018-11-28T23:12:42.827
User Sign Hash = 011C6CF5ACAB0BE965B4AE929CD96FBCFF99E168706AE3D48A27836F36A157CF31433DC56DE36AFACD0F16CFDD08F335E457908C11C8720BD7143260D6B350DF284B05FB67F25C224D5A3C3006B46D906FAB77933053E5FB0836243FE922CB5D03486B8ECCEF710F671285D7D4E946B95287F213D31A7DBAA60FA434C80E0ED6A79AD020067F6A60C27F87D75D77ABE4F181A46ADECACC32FCF9B64A780B7D2AF20867474AA84C8B118CA4245A47BD67427AF08437E2DE68361487B59AE909771D4D38698BE2B37F168ED64ABB8775A84348DF1F1876AD01D4C657EF0CA831D496DC9537B4A2D44606542622A7BFA831564F8573159284067CE9553C33A010BF174B5DD760
------------------------
Log Time: 2018-11-28T23:12:42.832
Enterprise Id = 8bdb2178-8484-4fde-a4b1-d2e7fcacb771
------------------------
Log Time: 2018-11-28T23:12:42.833
User Public Key = 0x5c26cebcc951b5fcb8ce30423bd89e1fa59d3c96
------------------------
Log Time: 2018-11-28T23:13:37.933
Signatures Size  = 0
------------------------
Log Time: 2018-11-28T23:16:56.889
Signatures Size  = 1
------------------------
Log Time: 2018-11-28T23:16:56.889
Display Signs
------------------------
Log Time: 2018-11-28T23:16:56.889
Sign Data = 06BF48E045260C38FAED0D7FCC6AE951149CEEFF16C7035E968454BBC1357893DCF5297E2178484957DB909164486286B31D56CE97028056867E3A5B94FA0E709636BA499C716000BA61392BC531089E8790D237BAA2055AEC1D3ABE80FE2D136DA1769F4900B9338264C20E26943D8431D1605FB7F27CBD71EF1BF98CBA5BB7E8900E1904F5F00904D804F4F5D66C578CDECA2677BCC59719B4A71C499B2F149E9DF99611DF45393AE2361A0BDEAF42EE9DFC3E999224C6E4AF033FD9F62BC9E4AFE3D877465F13E74ED520F5B7FCF1274D03F6A058690A0F9FC0F2D640007AE406436E69B7F9CC6D7E3D112DCE3374A710DD74B0E81FD3073ABA10E70FDCD7B556D1DC44
------------------------
Log Time: 2018-11-28T23:16:56.890
Sign Enterprise = Qatar University
------------------------
Log Time: 2018-11-28T23:16:56.890
Sign Timestamp = 2018-11-28T23:13:37
------------------------
Log Time: 2018-11-28T23:22:09.053
Signatures Size  = 2
------------------------
Log Time: 2018-11-28T23:22:09.053
Display Signs
------------------------
Log Time: 2018-11-28T23:22:09.053
Sign Data = 06BF48E045260C38FAED0D7FCC6AE951149CEEFF16C7035E968454BBC1357893DCF5297E2178484957DB909164486286B31D56CE97028056867E3A5B94FA0E709636BA499C716000BA61392BC531089E8790D237BAA2055AEC1D3ABE80FE2D136DA1769F4900B9338264C20E26943D8431D1605FB7F27CBD71EF1BF98CBA5BB7E8900E1904F5F00904D804F4F5D66C578CDECA2677BCC59719B4A71C499B2F149E9DF99611DF45393AE2361A0BDEAF42EE9DFC3E999224C6E4AF033FD9F62BC9E4AFE3D877465F13E74ED520F5B7FCF1274D03F6A058690A0F9FC0F2D640007AE406436E69B7F9CC6D7E3D112DCE3374A710DD74B0E81FD3073ABA10E70FDCD7B556D1DC44
------------------------
Log Time: 2018-11-28T23:22:09.053
Sign Enterprise = Qatar University
------------------------
Log Time: 2018-11-28T23:22:09.053
Sign Timestamp = 2018-11-28T23:13:37
------------------------
Log Time: 2018-11-28T23:22:09.054
Sign Data = 04279CB01502F9523F0C291FA6E217C71DF59773F29605F3E0E05D6D9DEB09CF098426C6D6C40E262B9C68C4B50CD78D22F38A039DAFD1E95760CA2E5B05A1B43DC834E9893E25515C7D1C64C153E2FBB0B9C2E5A86ADDA8FB02B569DB3D0F858D551F4EC9FC733A41678916A1B6ADD386FF8F624C3D9B033521A5745A776EB9AA3BFCFCAF83951C74470E15C7F0481E51CAA117BFF2A9DC3BD4FF251BB23A669EC86C2ECAF2C77D98B088B222102C33C0414D6CB12E13CEE31F8C1287C5BCF2E2A7DE9638C6FFCF1408FFA0174F0CAF4BCCC2D8002FF6B8DA0B57253D9E81359E156F391B23A2C85CD276A508C4DDDC217EB02928BCE7E96D790C62F11D16DE46905A8E74
------------------------
Log Time: 2018-11-28T23:22:09.054
Sign Enterprise = Ministry Of Foreign Affairs
------------------------
Log Time: 2018-11-28T23:22:09.054
Sign Timestamp = 2018-11-28T23:16:56
------------------------
Log Time: 2018-11-28T23:23:19.103
Signatures Size  = 3
------------------------
Log Time: 2018-11-28T23:23:19.104
Display Signs
------------------------
Log Time: 2018-11-28T23:23:19.104
Sign Data = 06BF48E045260C38FAED0D7FCC6AE951149CEEFF16C7035E968454BBC1357893DCF5297E2178484957DB909164486286B31D56CE97028056867E3A5B94FA0E709636BA499C716000BA61392BC531089E8790D237BAA2055AEC1D3ABE80FE2D136DA1769F4900B9338264C20E26943D8431D1605FB7F27CBD71EF1BF98CBA5BB7E8900E1904F5F00904D804F4F5D66C578CDECA2677BCC59719B4A71C499B2F149E9DF99611DF45393AE2361A0BDEAF42EE9DFC3E999224C6E4AF033FD9F62BC9E4AFE3D877465F13E74ED520F5B7FCF1274D03F6A058690A0F9FC0F2D640007AE406436E69B7F9CC6D7E3D112DCE3374A710DD74B0E81FD3073ABA10E70FDCD7B556D1DC44
------------------------
Log Time: 2018-11-28T23:23:19.104
Sign Enterprise = Qatar University
------------------------
Log Time: 2018-11-28T23:23:19.104
Sign Timestamp = 2018-11-28T23:13:37
------------------------
Log Time: 2018-11-28T23:23:19.104
Sign Data = 04279CB01502F9523F0C291FA6E217C71DF59773F29605F3E0E05D6D9DEB09CF098426C6D6C40E262B9C68C4B50CD78D22F38A039DAFD1E95760CA2E5B05A1B43DC834E9893E25515C7D1C64C153E2FBB0B9C2E5A86ADDA8FB02B569DB3D0F858D551F4EC9FC733A41678916A1B6ADD386FF8F624C3D9B033521A5745A776EB9AA3BFCFCAF83951C74470E15C7F0481E51CAA117BFF2A9DC3BD4FF251BB23A669EC86C2ECAF2C77D98B088B222102C33C0414D6CB12E13CEE31F8C1287C5BCF2E2A7DE9638C6FFCF1408FFA0174F0CAF4BCCC2D8002FF6B8DA0B57253D9E81359E156F391B23A2C85CD276A508C4DDDC217EB02928BCE7E96D790C62F11D16DE46905A8E74
------------------------
Log Time: 2018-11-28T23:23:19.104
Sign Enterprise = Ministry Of Foreign Affairs
------------------------
Log Time: 2018-11-28T23:23:19.105
Sign Timestamp = 2018-11-28T23:16:56
------------------------
Log Time: 2018-11-28T23:23:19.105
Sign Data = 06BF48E045260C38FAED0D7FCC6AE951149CEEFF16C7035E968454BBC1357893DCF5297E2178484957DB909164486286B31D56CE97028056867E3A5B94FA0E709636BA499C716000BA61392BC531089E8790D237BAA2055AEC1D3ABE80FE2D136DA1769F4900B9338264C20E26943D8431D1605FB7F27CBD71EF1BF98CBA5BB7E8900E1904F5F00904D804F4F5D66C578CDECA2677BCC59719B4A71C499B2F149E9DF99611DF45393AE2361A0BDEAF42EE9DFC3E999224C6E4AF033FD9F62BC9E4AFE3D877465F13E74ED520F5B7FCF1274D03F6A058690A0F9FC0F2D640007AE406436E69B7F9CC6D7E3D112DCE3374A710DD74B0E81FD3073ABA10E70FDCD7B556D1DC44
------------------------
Log Time: 2018-11-28T23:23:19.105
Sign Enterprise = Qatar University
------------------------
Log Time: 2018-11-28T23:23:19.105
Sign Timestamp = 2018-11-28T23:22:09
------------------------
Log Time: 2018-11-28T23:25:26.767
Document Hash = D8B75811D64528FC993C45F430B93A26682CFEAED56E68834909B59A7CD272F1
------------------------
Log Time: 2018-11-28T23:25:26.767
User Sign Hash = 011C6CF5ACAB0BE965B4AE929CD96FBCFF99E168706AE3D48A27836F36A157CF31433DC56DE36AFACD0F16CFDD08F335E457908C11C8720BD7143260D6B350DF284B05FB67F25C224D5A3C3006B46D906FAB77933053E5FB0836243FE922CB5D03486B8ECCEF710F671285D7D4E946B95287F213D31A7DBAA60FA434C80E0ED6A79AD020067F6A60C27F87D75D77ABE4F181A46ADECACC32FCF9B64A780B7D2AF20867474AA84C8B118CA4245A47BD67427AF08437E2DE68361487B59AE909771D4D38698BE2B37F168ED64ABB8775A84348DF1F1876AD01D4C657EF0CA831D496DC9537B4A2D44606542622A7BFA831564F8573159284067CE9553C33A010BF174B5DD760
------------------------
Log Time: 2018-11-28T23:25:26.773
Enterprise Id = 8bdb2178-8484-4fde-a4b1-d2e7fcacb771
------------------------
Log Time: 2018-11-28T23:25:26.773
User Public Key = 0x5c26cebcc951b5fcb8ce30423bd89e1fa59d3c96
------------------------
Log Time: 2018-11-28T23:25:53.815
Signatures Size  = 0
------------------------
Log Time: 2018-11-28T23:28:02.585
Signatures Size  = 1
------------------------
Log Time: 2018-11-28T23:28:02.586
Display Signs
------------------------
Log Time: 2018-11-28T23:28:02.586
Sign Data = 06BF48E045260C38FAED0D7FCC6AE951149CEEFF16C7035E968454BBC1357893DCF5297E2178484957DB909164486286B31D56CE97028056867E3A5B94FA0E709636BA499C716000BA61392BC531089E8790D237BAA2055AEC1D3ABE80FE2D136DA1769F4900B9338264C20E26943D8431D1605FB7F27CBD71EF1BF98CBA5BB7E8900E1904F5F00904D804F4F5D66C578CDECA2677BCC59719B4A71C499B2F149E9DF99611DF45393AE2361A0BDEAF42EE9DFC3E999224C6E4AF033FD9F62BC9E4AFE3D877465F13E74ED520F5B7FCF1274D03F6A058690A0F9FC0F2D640007AE406436E69B7F9CC6D7E3D112DCE3374A710DD74B0E81FD3073ABA10E70FDCD7B556D1DC44
------------------------
Log Time: 2018-11-28T23:28:02.586
Sign Enterprise = Qatar University
------------------------
Log Time: 2018-11-28T23:28:02.586
Sign Timestamp = 2018-11-28T23:25:53
------------------------
Log Time: 2018-11-28T23:30:43.463
Signatures Size  = 2
------------------------
Log Time: 2018-11-28T23:30:43.463
Display Signs
------------------------
Log Time: 2018-11-28T23:30:43.463
Sign Data = 06BF48E045260C38FAED0D7FCC6AE951149CEEFF16C7035E968454BBC1357893DCF5297E2178484957DB909164486286B31D56CE97028056867E3A5B94FA0E709636BA499C716000BA61392BC531089E8790D237BAA2055AEC1D3ABE80FE2D136DA1769F4900B9338264C20E26943D8431D1605FB7F27CBD71EF1BF98CBA5BB7E8900E1904F5F00904D804F4F5D66C578CDECA2677BCC59719B4A71C499B2F149E9DF99611DF45393AE2361A0BDEAF42EE9DFC3E999224C6E4AF033FD9F62BC9E4AFE3D877465F13E74ED520F5B7FCF1274D03F6A058690A0F9FC0F2D640007AE406436E69B7F9CC6D7E3D112DCE3374A710DD74B0E81FD3073ABA10E70FDCD7B556D1DC44
------------------------
Log Time: 2018-11-28T23:30:43.463
Sign Enterprise = Qatar University
------------------------
Log Time: 2018-11-28T23:30:43.464
Sign Timestamp = 2018-11-28T23:25:53
------------------------
Log Time: 2018-11-28T23:30:43.464
Sign Data = 04279CB01502F9523F0C291FA6E217C71DF59773F29605F3E0E05D6D9DEB09CF098426C6D6C40E262B9C68C4B50CD78D22F38A039DAFD1E95760CA2E5B05A1B43DC834E9893E25515C7D1C64C153E2FBB0B9C2E5A86ADDA8FB02B569DB3D0F858D551F4EC9FC733A41678916A1B6ADD386FF8F624C3D9B033521A5745A776EB9AA3BFCFCAF83951C74470E15C7F0481E51CAA117BFF2A9DC3BD4FF251BB23A669EC86C2ECAF2C77D98B088B222102C33C0414D6CB12E13CEE31F8C1287C5BCF2E2A7DE9638C6FFCF1408FFA0174F0CAF4BCCC2D8002FF6B8DA0B57253D9E81359E156F391B23A2C85CD276A508C4DDDC217EB02928BCE7E96D790C62F11D16DE46905A8E74
------------------------
Log Time: 2018-11-28T23:30:43.464
Sign Enterprise = Ministry Of Foreign Affairs
------------------------
Log Time: 2018-11-28T23:30:43.464
Sign Timestamp = 2018-11-28T23:28:02
------------------------
Log Time: 2018-11-29T00:41:46.949
Document Hash = D8B75811D64528FC993C45F430B93A26682CFEAED56E68834909B59A7CD272F1
------------------------
Log Time: 2018-11-29T00:41:46.955
User Sign Hash = 011C6CF5ACAB0BE965B4AE929CD96FBCFF99E168706AE3D48A27836F36A157CF31433DC56DE36AFACD0F16CFDD08F335E457908C11C8720BD7143260D6B350DF284B05FB67F25C224D5A3C3006B46D906FAB77933053E5FB0836243FE922CB5D03486B8ECCEF710F671285D7D4E946B95287F213D31A7DBAA60FA434C80E0ED6A79AD020067F6A60C27F87D75D77ABE4F181A46ADECACC32FCF9B64A780B7D2AF20867474AA84C8B118CA4245A47BD67427AF08437E2DE68361487B59AE909771D4D38698BE2B37F168ED64ABB8775A84348DF1F1876AD01D4C657EF0CA831D496DC9537B4A2D44606542622A7BFA831564F8573159284067CE9553C33A010BF174B5DD760
------------------------
Log Time: 2018-11-29T00:41:46.955
Enterprise Id = 8bdb2178-8484-4fde-a4b1-d2e7fcacb771
------------------------
Log Time: 2018-11-29T00:41:46.955
User Public Key = 0x5c26cebcc951b5fcb8ce30423bd89e1fa59d3c96
------------------------
Log Time: 2018-11-29T00:42:16.520
Signatures Size  = 0
------------------------
Log Time: 2018-11-29T01:12:22.850
Signatures Size  = 1
------------------------
Log Time: 2018-11-29T01:12:22.851
Display Signs
------------------------
Log Time: 2018-11-29T01:12:22.851
Sign Data = 06BF48E045260C38FAED0D7FCC6AE951149CEEFF16C7035E968454BBC1357893DCF5297E2178484957DB909164486286B31D56CE97028056867E3A5B94FA0E709636BA499C716000BA61392BC531089E8790D237BAA2055AEC1D3ABE80FE2D136DA1769F4900B9338264C20E26943D8431D1605FB7F27CBD71EF1BF98CBA5BB7E8900E1904F5F00904D804F4F5D66C578CDECA2677BCC59719B4A71C499B2F149E9DF99611DF45393AE2361A0BDEAF42EE9DFC3E999224C6E4AF033FD9F62BC9E4AFE3D877465F13E74ED520F5B7FCF1274D03F6A058690A0F9FC0F2D640007AE406436E69B7F9CC6D7E3D112DCE3374A710DD74B0E81FD3073ABA10E70FDCD7B556D1DC44
------------------------
Log Time: 2018-11-29T01:12:22.851
Sign Enterprise = Qatar University
------------------------
Log Time: 2018-11-29T01:12:22.851
Sign Timestamp = 2018-11-29T00:42:16
------------------------
Log Time: 2018-11-29T01:18:22.888
Document Hash = D8B75811D64528FC993C45F430B93A26682CFEAED56E68834909B59A7CD272F1
------------------------
Log Time: 2018-11-29T01:18:22.888
User Sign Hash = 011C6CF5ACAB0BE965B4AE929CD96FBCFF99E168706AE3D48A27836F36A157CF31433DC56DE36AFACD0F16CFDD08F335E457908C11C8720BD7143260D6B350DF284B05FB67F25C224D5A3C3006B46D906FAB77933053E5FB0836243FE922CB5D03486B8ECCEF710F671285D7D4E946B95287F213D31A7DBAA60FA434C80E0ED6A79AD020067F6A60C27F87D75D77ABE4F181A46ADECACC32FCF9B64A780B7D2AF20867474AA84C8B118CA4245A47BD67427AF08437E2DE68361487B59AE909771D4D38698BE2B37F168ED64ABB8775A84348DF1F1876AD01D4C657EF0CA831D496DC9537B4A2D44606542622A7BFA831564F8573159284067CE9553C33A010BF174B5DD760
------------------------
Log Time: 2018-11-29T01:18:22.894
Enterprise Id = 8bdb2178-8484-4fde-a4b1-d2e7fcacb771
------------------------
Log Time: 2018-11-29T01:18:22.894
User Public Key = 0x5c26cebcc951b5fcb8ce30423bd89e1fa59d3c96
------------------------
Log Time: 2018-11-29T01:19:17.112
Signatures Size  = 0
------------------------
Log Time: 2018-11-29T01:20:18.945
Signatures Size  = 0
------------------------
Log Time: 2018-11-29T01:22:03.290
Signatures Size  = 0
------------------------
Log Time: 2018-11-29T01:24:11.490
Signatures Size  = 1
------------------------
Log Time: 2018-11-29T01:24:11.491
Display Signs
------------------------
Log Time: 2018-11-29T01:24:11.491
Sign Data = 06BF48E045260C38FAED0D7FCC6AE951149CEEFF16C7035E968454BBC1357893DCF5297E2178484957DB909164486286B31D56CE97028056867E3A5B94FA0E709636BA499C716000BA61392BC531089E8790D237BAA2055AEC1D3ABE80FE2D136DA1769F4900B9338264C20E26943D8431D1605FB7F27CBD71EF1BF98CBA5BB7E8900E1904F5F00904D804F4F5D66C578CDECA2677BCC59719B4A71C499B2F149E9DF99611DF45393AE2361A0BDEAF42EE9DFC3E999224C6E4AF033FD9F62BC9E4AFE3D877465F13E74ED520F5B7FCF1274D03F6A058690A0F9FC0F2D640007AE406436E69B7F9CC6D7E3D112DCE3374A710DD74B0E81FD3073ABA10E70FDCD7B556D1DC44
------------------------
Log Time: 2018-11-29T01:24:11.491
Sign Enterprise = Qatar University
------------------------
Log Time: 2018-11-29T01:24:11.491
Sign Timestamp = 2018-11-29T01:22:03
------------------------
Log Time: 2018-11-29T01:26:24.251
Signatures Size  = 2
------------------------
Log Time: 2018-11-29T01:26:24.252
Display Signs
------------------------
Log Time: 2018-11-29T01:26:24.252
Sign Data = 06BF48E045260C38FAED0D7FCC6AE951149CEEFF16C7035E968454BBC1357893DCF5297E2178484957DB909164486286B31D56CE97028056867E3A5B94FA0E709636BA499C716000BA61392BC531089E8790D237BAA2055AEC1D3ABE80FE2D136DA1769F4900B9338264C20E26943D8431D1605FB7F27CBD71EF1BF98CBA5BB7E8900E1904F5F00904D804F4F5D66C578CDECA2677BCC59719B4A71C499B2F149E9DF99611DF45393AE2361A0BDEAF42EE9DFC3E999224C6E4AF033FD9F62BC9E4AFE3D877465F13E74ED520F5B7FCF1274D03F6A058690A0F9FC0F2D640007AE406436E69B7F9CC6D7E3D112DCE3374A710DD74B0E81FD3073ABA10E70FDCD7B556D1DC44
------------------------
Log Time: 2018-11-29T01:26:24.252
Sign Enterprise = Qatar University
------------------------
Log Time: 2018-11-29T01:26:24.252
Sign Timestamp = 2018-11-29T01:22:03
------------------------
Log Time: 2018-11-29T01:26:24.252
Sign Data = 04279CB01502F9523F0C291FA6E217C71DF59773F29605F3E0E05D6D9DEB09CF098426C6D6C40E262B9C68C4B50CD78D22F38A039DAFD1E95760CA2E5B05A1B43DC834E9893E25515C7D1C64C153E2FBB0B9C2E5A86ADDA8FB02B569DB3D0F858D551F4EC9FC733A41678916A1B6ADD386FF8F624C3D9B033521A5745A776EB9AA3BFCFCAF83951C74470E15C7F0481E51CAA117BFF2A9DC3BD4FF251BB23A669EC86C2ECAF2C77D98B088B222102C33C0414D6CB12E13CEE31F8C1287C5BCF2E2A7DE9638C6FFCF1408FFA0174F0CAF4BCCC2D8002FF6B8DA0B57253D9E81359E156F391B23A2C85CD276A508C4DDDC217EB02928BCE7E96D790C62F11D16DE46905A8E74
------------------------
Log Time: 2018-11-29T01:26:24.252
Sign Enterprise = Ministry Of Foreign Affairs
------------------------
Log Time: 2018-11-29T01:26:24.253
Sign Timestamp = 2018-11-29T01:24:11
------------------------
Log Time: 2018-11-29T10:11:23.275
Document Hash = D8B75811D64528FC993C45F430B93A26682CFEAED56E68834909B59A7CD272F1
------------------------
Log Time: 2018-11-29T10:11:23.276
User Sign Hash = 011C6CF5ACAB0BE965B4AE929CD96FBCFF99E168706AE3D48A27836F36A157CF31433DC56DE36AFACD0F16CFDD08F335E457908C11C8720BD7143260D6B350DF284B05FB67F25C224D5A3C3006B46D906FAB77933053E5FB0836243FE922CB5D03486B8ECCEF710F671285D7D4E946B95287F213D31A7DBAA60FA434C80E0ED6A79AD020067F6A60C27F87D75D77ABE4F181A46ADECACC32FCF9B64A780B7D2AF20867474AA84C8B118CA4245A47BD67427AF08437E2DE68361487B59AE909771D4D38698BE2B37F168ED64ABB8775A84348DF1F1876AD01D4C657EF0CA831D496DC9537B4A2D44606542622A7BFA831564F8573159284067CE9553C33A010BF174B5DD760
------------------------
Log Time: 2018-11-29T10:11:23.276
Enterprise Id = 8bdb2178-8484-4fde-a4b1-d2e7fcacb771
------------------------
Log Time: 2018-11-29T10:11:23.276
User Public Key = 0x5c26cebcc951b5fcb8ce30423bd89e1fa59d3c96
------------------------
Log Time: 2018-11-29T10:14:45.742
Document Hash = D8B75811D64528FC993C45F430B93A26682CFEAED56E68834909B59A7CD272F1
------------------------
Log Time: 2018-11-29T10:14:45.743
User Sign Hash = 011C6CF5ACAB0BE965B4AE929CD96FBCFF99E168706AE3D48A27836F36A157CF31433DC56DE36AFACD0F16CFDD08F335E457908C11C8720BD7143260D6B350DF284B05FB67F25C224D5A3C3006B46D906FAB77933053E5FB0836243FE922CB5D03486B8ECCEF710F671285D7D4E946B95287F213D31A7DBAA60FA434C80E0ED6A79AD020067F6A60C27F87D75D77ABE4F181A46ADECACC32FCF9B64A780B7D2AF20867474AA84C8B118CA4245A47BD67427AF08437E2DE68361487B59AE909771D4D38698BE2B37F168ED64ABB8775A84348DF1F1876AD01D4C657EF0CA831D496DC9537B4A2D44606542622A7BFA831564F8573159284067CE9553C33A010BF174B5DD760
------------------------
Log Time: 2018-11-29T10:14:45.748
Enterprise Id = 8bdb2178-8484-4fde-a4b1-d2e7fcacb771
------------------------
Log Time: 2018-11-29T10:14:45.748
User Public Key = 0x5c26cebcc951b5fcb8ce30423bd89e1fa59d3c96
------------------------
Log Time: 2018-11-29T10:15:21.176
Signatures Size  = 0
------------------------
Log Time: 2018-11-29T10:17:27.725
Signatures Size  = 1
------------------------
Log Time: 2018-11-29T10:17:27.725
Display Signs
------------------------
Log Time: 2018-11-29T10:17:27.725
Sign Data = 06BF48E045260C38FAED0D7FCC6AE951149CEEFF16C7035E968454BBC1357893DCF5297E2178484957DB909164486286B31D56CE97028056867E3A5B94FA0E709636BA499C716000BA61392BC531089E8790D237BAA2055AEC1D3ABE80FE2D136DA1769F4900B9338264C20E26943D8431D1605FB7F27CBD71EF1BF98CBA5BB7E8900E1904F5F00904D804F4F5D66C578CDECA2677BCC59719B4A71C499B2F149E9DF99611DF45393AE2361A0BDEAF42EE9DFC3E999224C6E4AF033FD9F62BC9E4AFE3D877465F13E74ED520F5B7FCF1274D03F6A058690A0F9FC0F2D640007AE406436E69B7F9CC6D7E3D112DCE3374A710DD74B0E81FD3073ABA10E70FDCD7B556D1DC44
------------------------
Log Time: 2018-11-29T10:17:27.726
Sign Enterprise = Qatar University
------------------------
Log Time: 2018-11-29T10:17:27.726
Sign Timestamp = 2018-11-29T10:15:21
------------------------
Log Time: 2018-11-29T10:19:32.393
Signatures Size  = 2
------------------------
Log Time: 2018-11-29T10:19:32.393
Display Signs
------------------------
Log Time: 2018-11-29T10:19:32.394
Sign Data = 06BF48E045260C38FAED0D7FCC6AE951149CEEFF16C7035E968454BBC1357893DCF5297E2178484957DB909164486286B31D56CE97028056867E3A5B94FA0E709636BA499C716000BA61392BC531089E8790D237BAA2055AEC1D3ABE80FE2D136DA1769F4900B9338264C20E26943D8431D1605FB7F27CBD71EF1BF98CBA5BB7E8900E1904F5F00904D804F4F5D66C578CDECA2677BCC59719B4A71C499B2F149E9DF99611DF45393AE2361A0BDEAF42EE9DFC3E999224C6E4AF033FD9F62BC9E4AFE3D877465F13E74ED520F5B7FCF1274D03F6A058690A0F9FC0F2D640007AE406436E69B7F9CC6D7E3D112DCE3374A710DD74B0E81FD3073ABA10E70FDCD7B556D1DC44
------------------------
Log Time: 2018-11-29T10:19:32.394
Sign Enterprise = Qatar University
------------------------
Log Time: 2018-11-29T10:19:32.394
Sign Timestamp = 2018-11-29T10:15:21
------------------------
Log Time: 2018-11-29T10:19:32.394
Sign Data = 04279CB01502F9523F0C291FA6E217C71DF59773F29605F3E0E05D6D9DEB09CF098426C6D6C40E262B9C68C4B50CD78D22F38A039DAFD1E95760CA2E5B05A1B43DC834E9893E25515C7D1C64C153E2FBB0B9C2E5A86ADDA8FB02B569DB3D0F858D551F4EC9FC733A41678916A1B6ADD386FF8F624C3D9B033521A5745A776EB9AA3BFCFCAF83951C74470E15C7F0481E51CAA117BFF2A9DC3BD4FF251BB23A669EC86C2ECAF2C77D98B088B222102C33C0414D6CB12E13CEE31F8C1287C5BCF2E2A7DE9638C6FFCF1408FFA0174F0CAF4BCCC2D8002FF6B8DA0B57253D9E81359E156F391B23A2C85CD276A508C4DDDC217EB02928BCE7E96D790C62F11D16DE46905A8E74
------------------------
Log Time: 2018-11-29T10:19:32.394
Sign Enterprise = Ministry Of Foreign Affairs
------------------------
Log Time: 2018-11-29T10:19:32.395
Sign Timestamp = 2018-11-29T10:17:27
------------------------
Log Time: 2018-11-29T13:51:18.509
Document Hash = D8B75811D64528FC993C45F430B93A26682CFEAED56E68834909B59A7CD272F1
------------------------
Log Time: 2018-11-29T13:51:18.515
User Sign Hash = 011C6CF5ACAB0BE965B4AE929CD96FBCFF99E168706AE3D48A27836F36A157CF31433DC56DE36AFACD0F16CFDD08F335E457908C11C8720BD7143260D6B350DF284B05FB67F25C224D5A3C3006B46D906FAB77933053E5FB0836243FE922CB5D03486B8ECCEF710F671285D7D4E946B95287F213D31A7DBAA60FA434C80E0ED6A79AD020067F6A60C27F87D75D77ABE4F181A46ADECACC32FCF9B64A780B7D2AF20867474AA84C8B118CA4245A47BD67427AF08437E2DE68361487B59AE909771D4D38698BE2B37F168ED64ABB8775A84348DF1F1876AD01D4C657EF0CA831D496DC9537B4A2D44606542622A7BFA831564F8573159284067CE9553C33A010BF174B5DD760
------------------------
Log Time: 2018-11-29T13:51:18.515
Enterprise Id = 8bdb2178-8484-4fde-a4b1-d2e7fcacb771
------------------------
Log Time: 2018-11-29T13:51:18.515
User Public Key = 0x5c26cebcc951b5fcb8ce30423bd89e1fa59d3c96
------------------------
Log Time: 2018-11-29T13:54:21.507
Document Hash = D8B75811D64528FC993C45F430B93A26682CFEAED56E68834909B59A7CD272F1
------------------------
Log Time: 2018-11-29T13:54:21.508
User Sign Hash = 011C6CF5ACAB0BE965B4AE929CD96FBCFF99E168706AE3D48A27836F36A157CF31433DC56DE36AFACD0F16CFDD08F335E457908C11C8720BD7143260D6B350DF284B05FB67F25C224D5A3C3006B46D906FAB77933053E5FB0836243FE922CB5D03486B8ECCEF710F671285D7D4E946B95287F213D31A7DBAA60FA434C80E0ED6A79AD020067F6A60C27F87D75D77ABE4F181A46ADECACC32FCF9B64A780B7D2AF20867474AA84C8B118CA4245A47BD67427AF08437E2DE68361487B59AE909771D4D38698BE2B37F168ED64ABB8775A84348DF1F1876AD01D4C657EF0CA831D496DC9537B4A2D44606542622A7BFA831564F8573159284067CE9553C33A010BF174B5DD760
------------------------
Log Time: 2018-11-29T13:54:21.513
Enterprise Id = 8bdb2178-8484-4fde-a4b1-d2e7fcacb771
------------------------
Log Time: 2018-11-29T13:54:21.514
User Public Key = 0x5c26cebcc951b5fcb8ce30423bd89e1fa59d3c96
------------------------
Log Time: 2018-11-29T13:57:48.440
Document Hash = D8B75811D64528FC993C45F430B93A26682CFEAED56E68834909B59A7CD272F1
------------------------
Log Time: 2018-11-29T13:57:48.441
User Sign Hash = 011C6CF5ACAB0BE965B4AE929CD96FBCFF99E168706AE3D48A27836F36A157CF31433DC56DE36AFACD0F16CFDD08F335E457908C11C8720BD7143260D6B350DF284B05FB67F25C224D5A3C3006B46D906FAB77933053E5FB0836243FE922CB5D03486B8ECCEF710F671285D7D4E946B95287F213D31A7DBAA60FA434C80E0ED6A79AD020067F6A60C27F87D75D77ABE4F181A46ADECACC32FCF9B64A780B7D2AF20867474AA84C8B118CA4245A47BD67427AF08437E2DE68361487B59AE909771D4D38698BE2B37F168ED64ABB8775A84348DF1F1876AD01D4C657EF0CA831D496DC9537B4A2D44606542622A7BFA831564F8573159284067CE9553C33A010BF174B5DD760
------------------------
Log Time: 2018-11-29T13:57:48.446
Enterprise Id = 8bdb2178-8484-4fde-a4b1-d2e7fcacb771
------------------------
Log Time: 2018-11-29T13:57:48.446
User Public Key = 0x5c26cebcc951b5fcb8ce30423bd89e1fa59d3c96
------------------------
Log Time: 2018-11-29T13:58:40.750
Signatures Size  = 0
------------------------
Log Time: 2018-11-29T14:02:47.707
Signatures Size  = 1
------------------------
Log Time: 2018-11-29T14:02:47.707
Display Signs
------------------------
Log Time: 2018-11-29T14:02:47.707
Sign Data = 06BF48E045260C38FAED0D7FCC6AE951149CEEFF16C7035E968454BBC1357893DCF5297E2178484957DB909164486286B31D56CE97028056867E3A5B94FA0E709636BA499C716000BA61392BC531089E8790D237BAA2055AEC1D3ABE80FE2D136DA1769F4900B9338264C20E26943D8431D1605FB7F27CBD71EF1BF98CBA5BB7E8900E1904F5F00904D804F4F5D66C578CDECA2677BCC59719B4A71C499B2F149E9DF99611DF45393AE2361A0BDEAF42EE9DFC3E999224C6E4AF033FD9F62BC9E4AFE3D877465F13E74ED520F5B7FCF1274D03F6A058690A0F9FC0F2D640007AE406436E69B7F9CC6D7E3D112DCE3374A710DD74B0E81FD3073ABA10E70FDCD7B556D1DC44
------------------------
Log Time: 2018-11-29T14:02:47.708
Sign Enterprise = Qatar University
------------------------
Log Time: 2018-11-29T14:02:47.708
Sign Timestamp = 2018-11-29T13:58:40
------------------------
Log Time: 2018-12-01T20:29:37.840
Document Hash = D8B75811D64528FC993C45F430B93A26682CFEAED56E68834909B59A7CD272F1
------------------------
Log Time: 2018-12-01T20:29:37.840
User Sign Hash = 011C6CF5ACAB0BE965B4AE929CD96FBCFF99E168706AE3D48A27836F36A157CF31433DC56DE36AFACD0F16CFDD08F335E457908C11C8720BD7143260D6B350DF284B05FB67F25C224D5A3C3006B46D906FAB77933053E5FB0836243FE922CB5D03486B8ECCEF710F671285D7D4E946B95287F213D31A7DBAA60FA434C80E0ED6A79AD020067F6A60C27F87D75D77ABE4F181A46ADECACC32FCF9B64A780B7D2AF20867474AA84C8B118CA4245A47BD67427AF08437E2DE68361487B59AE909771D4D38698BE2B37F168ED64ABB8775A84348DF1F1876AD01D4C657EF0CA831D496DC9537B4A2D44606542622A7BFA831564F8573159284067CE9553C33A010BF174B5DD760
------------------------
Log Time: 2018-12-01T20:29:37.841
Enterprise Id = 8bdb2178-8484-4fde-a4b1-d2e7fcacb771
------------------------
Log Time: 2018-12-01T20:29:37.841
User Public Key = 0x5c26cebcc951b5fcb8ce30423bd89e1fa59d3c96
------------------------
Log Time: 2018-12-01T20:34:49.543
Document Hash = D8B75811D64528FC993C45F430B93A26682CFEAED56E68834909B59A7CD272F1
------------------------
Log Time: 2018-12-01T20:34:49.543
User Sign Hash = 011C6CF5ACAB0BE965B4AE929CD96FBCFF99E168706AE3D48A27836F36A157CF31433DC56DE36AFACD0F16CFDD08F335E457908C11C8720BD7143260D6B350DF284B05FB67F25C224D5A3C3006B46D906FAB77933053E5FB0836243FE922CB5D03486B8ECCEF710F671285D7D4E946B95287F213D31A7DBAA60FA434C80E0ED6A79AD020067F6A60C27F87D75D77ABE4F181A46ADECACC32FCF9B64A780B7D2AF20867474AA84C8B118CA4245A47BD67427AF08437E2DE68361487B59AE909771D4D38698BE2B37F168ED64ABB8775A84348DF1F1876AD01D4C657EF0CA831D496DC9537B4A2D44606542622A7BFA831564F8573159284067CE9553C33A010BF174B5DD760
------------------------
Log Time: 2018-12-01T20:34:49.549
Enterprise Id = 8bdb2178-8484-4fde-a4b1-d2e7fcacb771
------------------------
Log Time: 2018-12-01T20:34:49.549
User Public Key = 0x5c26cebcc951b5fcb8ce30423bd89e1fa59d3c96
------------------------
Log Time: 2018-12-01T20:37:41.795
Signatures Size  = 0
------------------------
Log Time: 2018-12-03T17:24:34.630
Document Hash = 733CEF9364CEDB99C7BA8723C6903C617A2FF7619F1A1C434764F871C30F45AB
------------------------
Log Time: 2018-12-03T17:24:34.636
User Sign Hash = 06AE2EC91FA631C2AFB1C94FC63E1DDCCA14B694FA62F51C98D98F25CE52770C4B6366BCD638A97CE8367A189F769425BFCC2EF20E4E82CE0365971B0A08AA1D5CEACDA403723D9AE82B137047D0C5939422EA6AA361BB6C7DE1581437B6DF673297914D5EC12ECFFE73C84EA60DEACDA877E51DC9579FDEA9B5C212D49EF511334B0B2F17AE095ED2F0E8075CA03338C28A0D5B10CA2E139E38996C79203992F1C0D8D4C298D9754B0D045503D057B9EF515075015076E0967063142758362E55D8810A22B92C95C07E40587EBA615059D3A1E6DF4257C0D480D62CD2FDCEBB68305D1DDF98DFF236BF52A6335A2865F4A1C1DCACA3492714ACBC1983AFE94A73269E4D98
------------------------
Log Time: 2018-12-03T17:24:34.636
Enterprise Id = 8bdb2178-8484-4fde-a4b1-d2e7fcacb771
------------------------
Log Time: 2018-12-03T17:24:34.636
User Public Key = 0x5c26cebcc951b5fcb8ce30423bd89e1fa59d3c96
------------------------
Log Time: 2018-12-03T17:31:35.743
Document Hash = 5BFD6B64E4941B365582B9E13A906E0156672A464CB0EC92ADC8827C05A43A16
------------------------
Log Time: 2018-12-03T17:31:35.743
User Sign Hash = 023EF44B741B9A83C4A5A7BE377A1C265AF2D4270125EA437614143AE0A6C3BF0683AA3A5CF8760A8DED37F19E207172EFDB3AABA2F7209DD702D3932D1946D21052163BB1B690421F38E01B5BD61D36A668650F271C7F7F1EA59BBC6A4339A4D95BB3896213723AC6D59DDB0AE920CBF1DD11C4FCBBC6803DC5DC9778B5345DDCBC89CBF017C13847EF18C805AE1C6EB01C321DDBCB47E2D9241EE57195976760BB8F0990838593D2C99A1F0445F16DE78ECD39D6DCB3EBF224249066A063C3DC55F7641B7292A0344035A6F5FF4A10BCDBD87848BBF60FE577425F93A411FCA6276AF4613E1B3553BA5AC43E1D8055A66C1C37389E65FD38B73DEBA56CECB5856BE2E090
------------------------
Log Time: 2018-12-03T17:31:35.748
Enterprise Id = 8bdb2178-8484-4fde-a4b1-d2e7fcacb771
------------------------
Log Time: 2018-12-03T17:31:35.749
User Public Key = 0x5c26cebcc951b5fcb8ce30423bd89e1fa59d3c96
------------------------
Log Time: 2018-12-03T17:32:22.474
Signatures Size  = 0
------------------------
